12:43:12.545 INFO - Launching a standalone Selenium Server
12:43:12.567 INFO - Java: Oracle Corporation 25.131-b11
12:43:12.567 INFO - OS: Linux 4.4.0-53-generic amd64
12:43:12.575 INFO - v2.53.0, with Core v2.53.0. Built from revision 35ae25b
12:43:12.621 INFO - Driver provider org.openqa.selenium.ie.InternetExplorerDriver registration is skipped:
registration capabilities Capabilities [{ensureCleanSession=true, browserName=internet explorer, version=, platform=WINDOWS}] does not match the current platform LINUX
12:43:12.622 INFO - Driver provider org.openqa.selenium.edge.EdgeDriver registration is skipped:
registration capabilities Capabilities [{browserName=MicrosoftEdge, version=, platform=WINDOWS}] does not match the current platform LINUX
12:43:12.622 INFO - Driver class not found: com.opera.core.systems.OperaDriver
12:43:12.622 INFO - Driver provider com.opera.core.systems.OperaDriver is not registered
12:43:12.623 INFO - Driver provider org.openqa.selenium.safari.SafariDriver registration is skipped:
registration capabilities Capabilities [{browserName=safari, version=, platform=MAC}] does not match the current platform LINUX
12:43:12.623 INFO - Driver class not found: org.openqa.selenium.htmlunit.HtmlUnitDriver
12:43:12.624 INFO - Driver provider org.openqa.selenium.htmlunit.HtmlUnitDriver is not registered
12:43:12.657 INFO - RemoteWebDriver instances should connect to: http://127.0.0.1:4445/wd/hub
12:43:12.657 INFO - Selenium Server is up and running
12:43:12.973 INFO - Executing: [new session: Capabilities [{acceptSslCerts=true, name=Sandbox, browserName=chrome, javascriptEnabled=true, platform=ANY}]])
12:43:12.982 INFO - Creating a new session for Capabilities [{acceptSslCerts=true, name=Sandbox, browserName=chrome, javascriptEnabled=true, platform=ANY}]
Starting ChromeDriver 2.30.477691 (6ee44a7247c639c0703f291d320bdf05c1531b57) on port 5795
Only local connections are allowed.
12:43:13.786 INFO - Done: [new session: Capabilities [{acceptSslCerts=true, name=Sandbox, browserName=chrome, javascriptEnabled=true, platform=ANY}]]
12:43:13.812 INFO - Executing: [get: http://google.com])
12:43:15.807 INFO - Done: [get: http://google.com]
12:43:15.813 INFO - Executing: [delete session: ec0827d2-f434-41c5-8c2d-e8d24c1e4323])
12:43:15.880 INFO - Done: [delete session: ec0827d2-f434-41c5-8c2d-e8d24c1e4323]
